2023-05-02 12:30:43,432 [Worker-2: Loading available Gradle versions] INFO  o.e.b.c.i.u.g.PublishedGradleVersions - Gradle version information cache is up-to-date. Trying to read.
2023-05-03 09:02:28,423 [Worker-0: Loading available Gradle versions] INFO  o.e.b.c.i.u.g.PublishedGradleVersions - Gradle version information cache is not available. Remote download required.
2023-05-03 09:03:53,441 [Worker-0: Loading available Gradle versions] INFO  o.e.b.c.i.u.g.PublishedGradleVersions - Gradle version information cache is up-to-date. Trying to read.
2023-05-03 09:04:43,514 [Worker-1: Importing Maven projects] INFO  o.e.m.c.i.e.AbstractTransferListenerAdapter - Downloaded http://repojava:8080/repository/internal/org/springframework/boot/spring-boot-starter-parent/3.0.7-SNAPSHOT/maven-metadata.xml
2023-05-03 09:04:43,542 [Worker-1: Importing Maven projects] INFO  o.e.m.c.i.e.AbstractTransferListenerAdapter - Downloaded http://repojava:8080/repository/internal/org/springframework/boot/spring-boot-starter-parent/3.0.7-SNAPSHOT/spring-boot-starter-parent-3.0.7-SNAPSHOT.pom
2023-05-03 09:04:44,344 [Worker-1: Importing Maven projects] INFO  o.e.m.c.i.p.ProjectConfigurationManager - Imported and configured 1 project(s) in 2 sec
2023-05-03 09:59:40,190 [Worker-1: Loading available Gradle versions] INFO  o.e.b.c.i.u.g.PublishedGradleVersions - Gradle version information cache is up-to-date. Trying to read.
2023-05-03 10:13:04,356 [Worker-1: Loading available Gradle versions] INFO  o.e.b.c.i.u.g.PublishedGradleVersions - Gradle version information cache is up-to-date. Trying to read.
2023-05-03 10:14:13,501 [Worker-1: Loading available Gradle versions] INFO  o.e.b.c.i.u.g.PublishedGradleVersions - Gradle version information cache is up-to-date. Trying to read.
2023-05-03 10:15:32,270 [Worker-3: Updating Maven Project] INFO  o.e.m.c.i.p.ProjectConfigurationManager - Update started
2023-05-03 10:15:32,477 [Worker-3: Updating Maven Project] INFO  o.e.m.c.i.p.ProjectConfigurationManager - Update completed: 0 sec
2023-05-03 10:16:22,442 [Worker-1: reload maven project] ERROR o.e.m.c.i.p.r.ProjectRegistryManager - Failed to read Maven project: Some problems were encountered while processing the POMs:
[FATAL] Non-resolvable parent POM for br.com.itb:miniprojectAdr:0.0.1-SNAPSHOT: org.springframework.boot:spring-boot-starter-parent:pom:3.0.7-SNAPSHOT was not found in http://repojava:8080/repository/internal during a previous attempt. This failure was cached in the local repository and resolution is not reattempted until the update interval of internal has elapsed or updates are forced and 'parent.relativePath' points at no local POM @ line 5, column 10

org.apache.maven.project.ProjectBuildingException: Some problems were encountered while processing the POMs:
[FATAL] Non-resolvable parent POM for br.com.itb:miniprojectAdr:0.0.1-SNAPSHOT: org.springframework.boot:spring-boot-starter-parent:pom:3.0.7-SNAPSHOT was not found in http://repojava:8080/repository/internal during a previous attempt. This failure was cached in the local repository and resolution is not reattempted until the update interval of internal has elapsed or updates are forced and 'parent.relativePath' points at no local POM @ line 5, column 10

	at org.eclipse.m2e.core.internal.embedder.MavenImpl.readMavenProjects(MavenImpl.java:495)
	at org.eclipse.m2e.core.internal.project.registry.ProjectRegistryManager.lambda$16(ProjectRegistryManager.java:872)
	at org.eclipse.m2e.core.internal.embedder.MavenExecutionContext.executeBare(MavenExecutionContext.java:350)
	at org.eclipse.m2e.core.internal.embedder.MavenExecutionContext.execute(MavenExecutionContext.java:262)
	at org.eclipse.m2e.core.internal.embedder.MavenExecutionContext.execute(MavenExecutionContext.java:205)
	at org.eclipse.m2e.core.internal.project.registry.ProjectRegistryManager.execute(ProjectRegistryManager.java:1007)
	at org.eclipse.m2e.core.internal.project.registry.ProjectRegistryManager.readProjectsWithDependencies(ProjectRegistryManager.java:868)
	at org.eclipse.m2e.core.internal.project.registry.ProjectRegistryManager.create(ProjectRegistryManager.java:220)
	at org.eclipse.m2e.core.internal.project.registry.MavenProjectManager.create(MavenProjectManager.java:105)
	at org.eclipse.m2e.core.ui.internal.actions.SelectionUtil.getMavenProject(SelectionUtil.java:239)
	at org.eclipse.m2e.editor.pom.MavenPomEditor.readMavenProject(MavenPomEditor.java:709)
	at org.eclipse.m2e.editor.pom.MavenPomEditor$4.run(MavenPomEditor.java:1029)
	at org.eclipse.core.internal.jobs.Worker.run(Worker.java:63)
2023-05-03 10:16:37,221 [Worker-5: reload maven project] ERROR o.e.m.c.i.p.r.ProjectRegistryManager - Failed to read Maven project: Some problems were encountered while processing the POMs:
[FATAL] Non-resolvable parent POM for br.com.itb:miniprojectAdr:0.0.1-SNAPSHOT: org.springframework.boot:spring-boot-starter-parent:pom:3.0.7-SNAPSHOT was not found in http://repojava:8080/repository/internal during a previous attempt. This failure was cached in the local repository and resolution is not reattempted until the update interval of internal has elapsed or updates are forced and 'parent.relativePath' points at no local POM @ line 5, column 10

org.apache.maven.project.ProjectBuildingException: Some problems were encountered while processing the POMs:
[FATAL] Non-resolvable parent POM for br.com.itb:miniprojectAdr:0.0.1-SNAPSHOT: org.springframework.boot:spring-boot-starter-parent:pom:3.0.7-SNAPSHOT was not found in http://repojava:8080/repository/internal during a previous attempt. This failure was cached in the local repository and resolution is not reattempted until the update interval of internal has elapsed or updates are forced and 'parent.relativePath' points at no local POM @ line 5, column 10

	at org.eclipse.m2e.core.internal.embedder.MavenImpl.readMavenProjects(MavenImpl.java:495)
	at org.eclipse.m2e.core.internal.project.registry.ProjectRegistryManager.lambda$16(ProjectRegistryManager.java:872)
	at org.eclipse.m2e.core.internal.embedder.MavenExecutionContext.executeBare(MavenExecutionContext.java:350)
	at org.eclipse.m2e.core.internal.embedder.MavenExecutionContext.execute(MavenExecutionContext.java:262)
	at org.eclipse.m2e.core.internal.embedder.MavenExecutionContext.execute(MavenExecutionContext.java:205)
	at org.eclipse.m2e.core.internal.project.registry.ProjectRegistryManager.execute(ProjectRegistryManager.java:1007)
	at org.eclipse.m2e.core.internal.project.registry.ProjectRegistryManager.readProjectsWithDependencies(ProjectRegistryManager.java:868)
	at org.eclipse.m2e.core.internal.project.registry.ProjectRegistryManager.create(ProjectRegistryManager.java:220)
	at org.eclipse.m2e.core.internal.project.registry.MavenProjectManager.create(MavenProjectManager.java:105)
	at org.eclipse.m2e.core.ui.internal.actions.SelectionUtil.getMavenProject(SelectionUtil.java:239)
	at org.eclipse.m2e.editor.pom.MavenPomEditor.readMavenProject(MavenPomEditor.java:709)
	at org.eclipse.m2e.editor.pom.MavenPomEditor$4.run(MavenPomEditor.java:1029)
	at org.eclipse.core.internal.jobs.Worker.run(Worker.java:63)
2023-05-03 10:16:51,470 [Worker-7: Updating Maven Project] INFO  o.e.m.c.i.p.ProjectConfigurationManager - Update started
2023-05-03 10:16:51,576 [Worker-7: Updating Maven Project] INFO  o.e.m.c.i.p.ProjectConfigurationManager - Update completed: 0 sec
2023-05-03 10:17:39,894 [Worker-1: Building] INFO  o.e.m.c.i.l.LifecycleMappingFactory - Using org.eclipse.m2e.jdt.JarLifecycleMapping lifecycle mapping for MavenProject: br.com.itb:miniprojectAdr:0.0.1-SNAPSHOT @ Z:\LIP3\workspaceAdr\miniprojectAdr\pom.xml.
2023-05-03 10:17:40,619 [Worker-3: reload maven project] INFO  o.e.m.c.i.e.AbstractTransferListenerAdapter - Downloading http://repojava:8080/repository/internal/org/springframework/boot/spring-boot-devtools/3.0.5/spring-boot-devtools-3.0.5.pom
2023-05-03 10:17:40,619 [Worker-1: Building] INFO  o.e.m.c.i.e.AbstractTransferListenerAdapter - Downloading http://repojava:8080/repository/internal/org/springframework/boot/spring-boot-devtools/3.0.5/spring-boot-devtools-3.0.5.pom
2023-05-03 10:17:40,742 [Worker-1: Building] INFO  o.e.m.c.i.e.AbstractTransferListenerAdapter - Downloaded http://repojava:8080/repository/internal/org/springframework/boot/spring-boot-devtools/3.0.5/spring-boot-devtools-3.0.5.pom
2023-05-03 10:17:40,742 [Worker-3: reload maven project] INFO  o.e.m.c.i.e.AbstractTransferListenerAdapter - Downloaded http://repojava:8080/repository/internal/org/springframework/boot/spring-boot-devtools/3.0.5/spring-boot-devtools-3.0.5.pom
2023-05-03 10:17:41,513 [AetherRepositoryConnector-repojava-1-1] INFO  o.e.m.c.i.e.AbstractTransferListenerAdapter - Downloading http://repojava:8080/repository/internal/org/springframework/boot/spring-boot-starter-aop/3.0.5/spring-boot-starter-aop-3.0.5.jar
2023-05-03 10:17:41,542 [AetherRepositoryConnector-repojava-0-4] INFO  o.e.m.c.i.e.AbstractTransferListenerAdapter - Downloading http://repojava:8080/repository/internal/org/hibernate/orm/hibernate-core/6.1.7.Final/hibernate-core-6.1.7.Final.jar
2023-05-03 10:17:41,638 [AetherRepositoryConnector-repojava-1-3] INFO  o.e.m.c.i.e.AbstractTransferListenerAdapter - Downloading http://repojava:8080/repository/internal/org/springframework/spring-jdbc/6.0.7/spring-jdbc-6.0.7.jar
2023-05-03 10:17:41,643 [AetherRepositoryConnector-repojava-1-0] INFO  o.e.m.c.i.e.AbstractTransferListenerAdapter - Downloading http://repojava:8080/repository/internal/org/springframework/boot/spring-boot-starter-data-jpa/3.0.5/spring-boot-starter-data-jpa-3.0.5.jar
2023-05-03 10:17:41,651 [AetherRepositoryConnector-repojava-1-2] INFO  o.e.m.c.i.e.AbstractTransferListenerAdapter - Downloading http://repojava:8080/repository/internal/org/springframework/boot/spring-boot-starter-jdbc/3.0.5/spring-boot-starter-jdbc-3.0.5.jar
2023-05-03 10:17:41,647 [AetherRepositoryConnector-repojava-0-3] INFO  o.e.m.c.i.e.AbstractTransferListenerAdapter - Downloading http://repojava:8080/repository/internal/org/springframework/spring-jdbc/6.0.7/spring-jdbc-6.0.7.jar
2023-05-03 10:17:41,830 [AetherRepositoryConnector-repojava-1-4] INFO  o.e.m.c.i.e.AbstractTransferListenerAdapter - Downloading http://repojava:8080/repository/internal/org/hibernate/orm/hibernate-core/6.1.7.Final/hibernate-core-6.1.7.Final.jar
2023-05-03 10:17:42,485 [AetherRepositoryConnector-repojava-0-4] INFO  o.e.m.c.i.e.AbstractTransferListenerAdapter - Downloaded http://repojava:8080/repository/internal/org/hibernate/orm/hibernate-core/6.1.7.Final/hibernate-core-6.1.7.Final.jar
2023-05-03 10:17:42,491 [AetherRepositoryConnector-repojava-0-4] INFO  o.e.m.c.i.e.AbstractTransferListenerAdapter - Downloading http://repojava:8080/repository/internal/org/hibernate/common/hibernate-commons-annotations/6.0.6.Final/hibernate-commons-annotations-6.0.6.Final.jar
2023-05-03 10:17:42,504 [AetherRepositoryConnector-repojava-0-4] INFO  o.e.m.c.i.e.AbstractTransferListenerAdapter - Downloaded http://repojava:8080/repository/internal/org/hibernate/common/hibernate-commons-annotations/6.0.6.Final/hibernate-commons-annotations-6.0.6.Final.jar
2023-05-03 10:17:42,508 [AetherRepositoryConnector-repojava-0-4] INFO  o.e.m.c.i.e.AbstractTransferListenerAdapter - Downloading http://repojava:8080/repository/internal/org/glassfish/jaxb/jaxb-runtime/4.0.2/jaxb-runtime-4.0.2.jar
2023-05-03 10:17:42,536 [AetherRepositoryConnector-repojava-0-2] INFO  o.e.m.c.i.e.AbstractTransferListenerAdapter - Downloading http://repojava:8080/repository/internal/org/springframework/boot/spring-boot-starter-jdbc/3.0.5/spring-boot-starter-jdbc-3.0.5.jar
2023-05-03 10:17:42,573 [AetherRepositoryConnector-repojava-0-4] INFO  o.e.m.c.i.e.AbstractTransferListenerAdapter - Downloaded http://repojava:8080/repository/internal/org/glassfish/jaxb/jaxb-runtime/4.0.2/jaxb-runtime-4.0.2.jar
2023-05-03 10:17:42,578 [AetherRepositoryConnector-repojava-0-4] INFO  o.e.m.c.i.e.AbstractTransferListenerAdapter - Downloading http://repojava:8080/repository/internal/org/glassfish/jaxb/jaxb-core/4.0.2/jaxb-core-4.0.2.jar
2023-05-03 10:17:42,597 [AetherRepositoryConnector-repojava-0-4] INFO  o.e.m.c.i.e.AbstractTransferListenerAdapter - Downloaded http://repojava:8080/repository/internal/org/glassfish/jaxb/jaxb-core/4.0.2/jaxb-core-4.0.2.jar
2023-05-03 10:17:42,601 [AetherRepositoryConnector-repojava-0-4] INFO  o.e.m.c.i.e.AbstractTransferListenerAdapter - Downloading http://repojava:8080/repository/internal/org/eclipse/angus/angus-activation/2.0.0/angus-activation-2.0.0.jar
2023-05-03 10:17:42,607 [AetherRepositoryConnector-repojava-1-4] INFO  o.e.m.c.i.e.AbstractTransferListenerAdapter - Downloaded http://repojava:8080/repository/internal/org/hibernate/orm/hibernate-core/6.1.7.Final/hibernate-core-6.1.7.Final.jar
2023-05-03 10:17:42,612 [AetherRepositoryConnector-repojava-1-4] INFO  o.e.m.c.i.e.AbstractTransferListenerAdapter - Downloading http://repojava:8080/repository/internal/org/hibernate/common/hibernate-commons-annotations/6.0.6.Final/hibernate-commons-annotations-6.0.6.Final.jar
2023-05-03 10:17:42,628 [AetherRepositoryConnector-repojava-0-4] INFO  o.e.m.c.i.e.AbstractTransferListenerAdapter - Downloaded http://repojava:8080/repository/internal/org/eclipse/angus/angus-activation/2.0.0/angus-activation-2.0.0.jar
2023-05-03 10:17:42,628 [AetherRepositoryConnector-repojava-1-4] INFO  o.e.m.c.i.e.AbstractTransferListenerAdapter - Downloaded http://repojava:8080/repository/internal/org/hibernate/common/hibernate-commons-annotations/6.0.6.Final/hibernate-commons-annotations-6.0.6.Final.jar
2023-05-03 10:17:42,631 [AetherRepositoryConnector-repojava-0-4] INFO  o.e.m.c.i.e.AbstractTransferListenerAdapter - Downloading http://repojava:8080/repository/internal/org/glassfish/jaxb/txw2/4.0.2/txw2-4.0.2.jar
2023-05-03 10:17:42,633 [AetherRepositoryConnector-repojava-1-4] INFO  o.e.m.c.i.e.AbstractTransferListenerAdapter - Downloading http://repojava:8080/repository/internal/org/glassfish/jaxb/jaxb-runtime/4.0.2/jaxb-runtime-4.0.2.jar
2023-05-03 10:17:42,695 [AetherRepositoryConnector-repojava-0-4] INFO  o.e.m.c.i.e.AbstractTransferListenerAdapter - Downloaded http://repojava:8080/repository/internal/org/glassfish/jaxb/txw2/4.0.2/txw2-4.0.2.jar
2023-05-03 10:17:42,699 [AetherRepositoryConnector-repojava-0-4] INFO  o.e.m.c.i.e.AbstractTransferListenerAdapter - Downloading http://repojava:8080/repository/internal/org/springframework/data/spring-data-jpa/3.0.4/spring-data-jpa-3.0.4.jar
2023-05-03 10:17:42,725 [AetherRepositoryConnector-repojava-0-4] INFO  o.e.m.c.i.e.AbstractTransferListenerAdapter - Downloaded http://repojava:8080/repository/internal/org/springframework/data/spring-data-jpa/3.0.4/spring-data-jpa-3.0.4.jar
2023-05-03 10:17:42,726 [AetherRepositoryConnector-repojava-1-4] INFO  o.e.m.c.i.e.AbstractTransferListenerAdapter - Downloaded http://repojava:8080/repository/internal/org/glassfish/jaxb/jaxb-runtime/4.0.2/jaxb-runtime-4.0.2.jar
2023-05-03 10:17:42,730 [AetherRepositoryConnector-repojava-0-4] INFO  o.e.m.c.i.e.AbstractTransferListenerAdapter - Downloading http://repojava:8080/repository/internal/org/springframework/data/spring-data-commons/3.0.4/spring-data-commons-3.0.4.jar
2023-05-03 10:17:42,731 [AetherRepositoryConnector-repojava-1-4] INFO  o.e.m.c.i.e.AbstractTransferListenerAdapter - Downloading http://repojava:8080/repository/internal/org/glassfish/jaxb/jaxb-core/4.0.2/jaxb-core-4.0.2.jar
2023-05-03 10:17:42,773 [AetherRepositoryConnector-repojava-1-4] INFO  o.e.m.c.i.e.AbstractTransferListenerAdapter - Downloaded http://repojava:8080/repository/internal/org/glassfish/jaxb/jaxb-core/4.0.2/jaxb-core-4.0.2.jar
2023-05-03 10:17:42,777 [AetherRepositoryConnector-repojava-1-4] INFO  o.e.m.c.i.e.AbstractTransferListenerAdapter - Downloading http://repojava:8080/repository/internal/org/eclipse/angus/angus-activation/2.0.0/angus-activation-2.0.0.jar
2023-05-03 10:17:42,791 [AetherRepositoryConnector-repojava-1-4] INFO  o.e.m.c.i.e.AbstractTransferListenerAdapter - Downloaded http://repojava:8080/repository/internal/org/eclipse/angus/angus-activation/2.0.0/angus-activation-2.0.0.jar
2023-05-03 10:17:42,795 [AetherRepositoryConnector-repojava-1-4] INFO  o.e.m.c.i.e.AbstractTransferListenerAdapter - Downloading http://repojava:8080/repository/internal/org/glassfish/jaxb/txw2/4.0.2/txw2-4.0.2.jar
2023-05-03 10:17:42,808 [AetherRepositoryConnector-repojava-0-0] INFO  o.e.m.c.i.e.AbstractTransferListenerAdapter - Downloading http://repojava:8080/repository/internal/org/springframework/boot/spring-boot-starter-data-jpa/3.0.5/spring-boot-starter-data-jpa-3.0.5.jar
2023-05-03 10:17:42,811 [AetherRepositoryConnector-repojava-1-4] INFO  o.e.m.c.i.e.AbstractTransferListenerAdapter - Downloaded http://repojava:8080/repository/internal/org/glassfish/jaxb/txw2/4.0.2/txw2-4.0.2.jar
2023-05-03 10:17:42,815 [AetherRepositoryConnector-repojava-1-4] INFO  o.e.m.c.i.e.AbstractTransferListenerAdapter - Downloading http://repojava:8080/repository/internal/org/springframework/data/spring-data-jpa/3.0.4/spring-data-jpa-3.0.4.jar
2023-05-03 10:17:42,827 [AetherRepositoryConnector-repojava-0-3] INFO  o.e.m.c.i.e.AbstractTransferListenerAdapter - Downloaded http://repojava:8080/repository/internal/org/springframework/spring-jdbc/6.0.7/spring-jdbc-6.0.7.jar
2023-05-03 10:17:42,833 [AetherRepositoryConnector-repojava-0-3] INFO  o.e.m.c.i.e.AbstractTransferListenerAdapter - Downloading http://repojava:8080/repository/internal/org/springframework/spring-orm/6.0.7/spring-orm-6.0.7.jar
2023-05-03 10:17:42,847 [AetherRepositoryConnector-repojava-1-4] INFO  o.e.m.c.i.e.AbstractTransferListenerAdapter - Downloaded http://repojava:8080/repository/internal/org/springframework/data/spring-data-jpa/3.0.4/spring-data-jpa-3.0.4.jar
2023-05-03 10:17:42,852 [AetherRepositoryConnector-repojava-0-3] INFO  o.e.m.c.i.e.AbstractTransferListenerAdapter - Downloaded http://repojava:8080/repository/internal/org/springframework/spring-orm/6.0.7/spring-orm-6.0.7.jar
2023-05-03 10:17:42,853 [AetherRepositoryConnector-repojava-1-4] INFO  o.e.m.c.i.e.AbstractTransferListenerAdapter - Downloading http://repojava:8080/repository/internal/org/springframework/data/spring-data-commons/3.0.4/spring-data-commons-3.0.4.jar
2023-05-03 10:17:42,876 [AetherRepositoryConnector-repojava-0-3] INFO  o.e.m.c.i.e.AbstractTransferListenerAdapter - Downloading http://repojava:8080/repository/internal/org/springframework/spring-tx/6.0.7/spring-tx-6.0.7.jar
2023-05-03 10:17:42,918 [AetherRepositoryConnector-repojava-0-3] INFO  o.e.m.c.i.e.AbstractTransferListenerAdapter - Downloaded http://repojava:8080/repository/internal/org/springframework/spring-tx/6.0.7/spring-tx-6.0.7.jar
2023-05-03 10:17:42,922 [AetherRepositoryConnector-repojava-0-3] INFO  o.e.m.c.i.e.AbstractTransferListenerAdapter - Downloading http://repojava:8080/repository/internal/org/springframework/spring-aspects/6.0.7/spring-aspects-6.0.7.jar
2023-05-03 10:17:42,933 [AetherRepositoryConnector-repojava-0-3] INFO  o.e.m.c.i.e.AbstractTransferListenerAdapter - Downloaded http://repojava:8080/repository/internal/org/springframework/spring-aspects/6.0.7/spring-aspects-6.0.7.jar
2023-05-03 10:17:42,937 [AetherRepositoryConnector-repojava-0-3] INFO  o.e.m.c.i.e.AbstractTransferListenerAdapter - Downloading http://repojava:8080/repository/internal/org/springframework/boot/spring-boot-devtools/3.0.5/spring-boot-devtools-3.0.5.jar
2023-05-03 10:17:42,948 [AetherRepositoryConnector-repojava-1-4] INFO  o.e.m.c.i.e.AbstractTransferListenerAdapter - Downloaded http://repojava:8080/repository/internal/org/springframework/data/spring-data-commons/3.0.4/spring-data-commons-3.0.4.jar
2023-05-03 10:17:42,952 [AetherRepositoryConnector-repojava-1-4] INFO  o.e.m.c.i.e.AbstractTransferListenerAdapter - Downloading http://repojava:8080/repository/internal/org/springframework/spring-orm/6.0.7/spring-orm-6.0.7.jar
2023-05-03 10:17:42,960 [AetherRepositoryConnector-repojava-0-3] INFO  o.e.m.c.i.e.AbstractTransferListenerAdapter - Downloaded http://repojava:8080/repository/internal/org/springframework/boot/spring-boot-devtools/3.0.5/spring-boot-devtools-3.0.5.jar
2023-05-03 10:17:42,977 [AetherRepositoryConnector-repojava-1-4] INFO  o.e.m.c.i.e.AbstractTransferListenerAdapter - Downloaded http://repojava:8080/repository/internal/org/springframework/spring-orm/6.0.7/spring-orm-6.0.7.jar
2023-05-03 10:17:42,981 [AetherRepositoryConnector-repojava-1-4] INFO  o.e.m.c.i.e.AbstractTransferListenerAdapter - Downloading http://repojava:8080/repository/internal/org/springframework/spring-tx/6.0.7/spring-tx-6.0.7.jar
2023-05-03 10:17:43,009 [AetherRepositoryConnector-repojava-1-4] INFO  o.e.m.c.i.e.AbstractTransferListenerAdapter - Downloaded http://repojava:8080/repository/internal/org/springframework/spring-tx/6.0.7/spring-tx-6.0.7.jar
2023-05-03 10:17:43,013 [AetherRepositoryConnector-repojava-1-4] INFO  o.e.m.c.i.e.AbstractTransferListenerAdapter - Downloading http://repojava:8080/repository/internal/org/springframework/spring-aspects/6.0.7/spring-aspects-6.0.7.jar
2023-05-03 10:17:43,029 [AetherRepositoryConnector-repojava-1-4] INFO  o.e.m.c.i.e.AbstractTransferListenerAdapter - Downloaded http://repojava:8080/repository/internal/org/springframework/spring-aspects/6.0.7/spring-aspects-6.0.7.jar
2023-05-03 10:17:43,033 [AetherRepositoryConnector-repojava-1-4] INFO  o.e.m.c.i.e.AbstractTransferListenerAdapter - Downloading http://repojava:8080/repository/internal/org/springframework/boot/spring-boot-devtools/3.0.5/spring-boot-devtools-3.0.5.jar
2023-05-03 10:17:43,055 [AetherRepositoryConnector-repojava-1-4] INFO  o.e.m.c.i.e.AbstractTransferListenerAdapter - Downloaded http://repojava:8080/repository/internal/org/springframework/boot/spring-boot-devtools/3.0.5/spring-boot-devtools-3.0.5.jar
2023-05-03 10:17:43,099 [AetherRepositoryConnector-repojava-1-3] INFO  o.e.m.c.i.e.AbstractTransferListenerAdapter - Downloaded http://repojava:8080/repository/internal/org/springframework/spring-jdbc/6.0.7/spring-jdbc-6.0.7.jar
2023-05-03 10:17:43,354 [AetherRepositoryConnector-repojava-1-1] INFO  o.e.m.c.i.e.AbstractTransferListenerAdapter - Downloaded http://repojava:8080/repository/internal/org/springframework/boot/spring-boot-starter-aop/3.0.5/spring-boot-starter-aop-3.0.5.jar
2023-05-03 10:17:43,356 [AetherRepositoryConnector-repojava-0-1] INFO  o.e.m.c.i.e.AbstractTransferListenerAdapter - Downloading http://repojava:8080/repository/internal/org/springframework/boot/spring-boot-starter-aop/3.0.5/spring-boot-starter-aop-3.0.5.jar
2023-05-03 10:17:43,430 [AetherRepositoryConnector-repojava-1-0] INFO  o.e.m.c.i.e.AbstractTransferListenerAdapter - Downloaded http://repojava:8080/repository/internal/org/springframework/boot/spring-boot-starter-data-jpa/3.0.5/spring-boot-starter-data-jpa-3.0.5.jar
2023-05-03 10:17:43,492 [AetherRepositoryConnector-repojava-1-2] INFO  o.e.m.c.i.e.AbstractTransferListenerAdapter - Downloaded http://repojava:8080/repository/internal/org/springframework/boot/spring-boot-starter-jdbc/3.0.5/spring-boot-starter-jdbc-3.0.5.jar
2023-05-03 10:17:43,543 [AetherRepositoryConnector-repojava-0-2] INFO  o.e.m.c.i.e.AbstractTransferListenerAdapter - Downloaded http://repojava:8080/repository/internal/org/springframework/boot/spring-boot-starter-jdbc/3.0.5/spring-boot-starter-jdbc-3.0.5.jar
2023-05-03 10:17:43,553 [AetherRepositoryConnector-repojava-0-4] INFO  o.e.m.c.i.e.AbstractTransferListenerAdapter - Downloaded http://repojava:8080/repository/internal/org/springframework/data/spring-data-commons/3.0.4/spring-data-commons-3.0.4.jar
2023-05-03 10:17:43,572 [AetherRepositoryConnector-repojava-0-0] INFO  o.e.m.c.i.e.AbstractTransferListenerAdapter - Downloaded http://repojava:8080/repository/internal/org/springframework/boot/spring-boot-starter-data-jpa/3.0.5/spring-boot-starter-data-jpa-3.0.5.jar
2023-05-03 10:17:44,255 [AetherRepositoryConnector-repojava-0-1] INFO  o.e.m.c.i.e.AbstractTransferListenerAdapter - Downloaded http://repojava:8080/repository/internal/org/springframework/boot/spring-boot-starter-aop/3.0.5/spring-boot-starter-aop-3.0.5.jar
2023-05-03 10:17:47,146 [Worker-1: Building] INFO  o.a.m.s.f.DefaultMavenResourcesFiltering - Copying 1 resource
2023-05-03 10:17:47,257 [Worker-1: Building] INFO  o.a.m.s.f.DefaultMavenResourcesFiltering - Copying 0 resource
2023-05-03 10:17:47,281 [Worker-1: Building] INFO  o.a.m.s.f.DefaultMavenResourcesFiltering - skip non existing resourceDirectory Z:\LIP3\workspaceAdr\miniprojectAdr\src\test\resources
2023-05-03 10:17:47,718 [Worker-4: Download sources and javadoc] INFO  o.e.m.c.i.e.AbstractTransferListenerAdapter - Downloading http://repojava:8080/repository/internal/org/springframework/boot/spring-boot-starter-data-jpa/3.0.5/spring-boot-starter-data-jpa-3.0.5-sources.jar
2023-05-03 10:17:47,850 [Worker-4: Download sources and javadoc] INFO  o.e.m.c.i.e.AbstractTransferListenerAdapter - Downloaded http://repojava:8080/repository/internal/org/springframework/boot/spring-boot-starter-data-jpa/3.0.5/spring-boot-starter-data-jpa-3.0.5-sources.jar
2023-05-03 10:17:47,858 [Worker-4: Download sources and javadoc] INFO  o.e.m.j.internal.DownloadSourcesJob - Downloaded sources for org.springframework.boot:spring-boot-starter-data-jpa:3.0.5
2023-05-03 10:17:48,041 [Worker-4: Download sources and javadoc] INFO  o.e.m.c.i.e.AbstractTransferListenerAdapter - Downloading http://repojava:8080/repository/internal/org/springframework/boot/spring-boot-starter-aop/3.0.5/spring-boot-starter-aop-3.0.5-sources.jar
2023-05-03 10:17:48,080 [Worker-4: Download sources and javadoc] INFO  o.e.m.c.i.e.AbstractTransferListenerAdapter - Downloaded http://repojava:8080/repository/internal/org/springframework/boot/spring-boot-starter-aop/3.0.5/spring-boot-starter-aop-3.0.5-sources.jar
2023-05-03 10:17:48,107 [Worker-4: Download sources and javadoc] INFO  o.e.m.j.internal.DownloadSourcesJob - Downloaded sources for org.springframework.boot:spring-boot-starter-aop:3.0.5
2023-05-03 10:17:48,417 [Worker-4: Download sources and javadoc] INFO  o.e.m.c.i.e.AbstractTransferListenerAdapter - Downloading http://repojava:8080/repository/internal/org/springframework/boot/spring-boot-starter-jdbc/3.0.5/spring-boot-starter-jdbc-3.0.5-sources.jar
2023-05-03 10:17:48,449 [Worker-4: Download sources and javadoc] INFO  o.e.m.c.i.e.AbstractTransferListenerAdapter - Downloaded http://repojava:8080/repository/internal/org/springframework/boot/spring-boot-starter-jdbc/3.0.5/spring-boot-starter-jdbc-3.0.5-sources.jar
2023-05-03 10:17:48,457 [Worker-4: Download sources and javadoc] INFO  o.e.m.j.internal.DownloadSourcesJob - Downloaded sources for org.springframework.boot:spring-boot-starter-jdbc:3.0.5
2023-05-03 10:17:48,493 [Worker-4: Download sources and javadoc] INFO  o.e.m.c.i.e.AbstractTransferListenerAdapter - Downloading http://repojava:8080/repository/internal/org/springframework/spring-jdbc/6.0.7/spring-jdbc-6.0.7-sources.jar
2023-05-03 10:17:48,787 [Worker-4: Download sources and javadoc] INFO  o.e.m.c.i.e.AbstractTransferListenerAdapter - Downloaded http://repojava:8080/repository/internal/org/springframework/spring-jdbc/6.0.7/spring-jdbc-6.0.7-sources.jar
2023-05-03 10:17:48,793 [Worker-4: Download sources and javadoc] INFO  o.e.m.j.internal.DownloadSourcesJob - Downloaded sources for org.springframework:spring-jdbc:6.0.7
2023-05-03 10:17:48,825 [Worker-4: Download sources and javadoc] INFO  o.e.m.c.i.e.AbstractTransferListenerAdapter - Downloading http://repojava:8080/repository/internal/org/hibernate/orm/hibernate-core/6.1.7.Final/hibernate-core-6.1.7.Final-sources.jar
2023-05-03 10:17:49,187 [Worker-4: Download sources and javadoc] INFO  o.e.m.c.i.e.AbstractTransferListenerAdapter - Downloaded http://repojava:8080/repository/internal/org/hibernate/orm/hibernate-core/6.1.7.Final/hibernate-core-6.1.7.Final-sources.jar
2023-05-03 10:17:49,193 [Worker-4: Download sources and javadoc] INFO  o.e.m.j.internal.DownloadSourcesJob - Downloaded sources for org.hibernate.orm:hibernate-core:6.1.7.Final
2023-05-03 10:17:49,229 [Worker-4: Download sources and javadoc] INFO  o.e.m.c.i.e.AbstractTransferListenerAdapter - Downloading http://repojava:8080/repository/internal/org/hibernate/common/hibernate-commons-annotations/6.0.6.Final/hibernate-commons-annotations-6.0.6.Final-sources.jar
2023-05-03 10:17:49,305 [Worker-4: Download sources and javadoc] INFO  o.e.m.c.i.e.AbstractTransferListenerAdapter - Downloaded http://repojava:8080/repository/internal/org/hibernate/common/hibernate-commons-annotations/6.0.6.Final/hibernate-commons-annotations-6.0.6.Final-sources.jar
2023-05-03 10:17:49,314 [Worker-4: Download sources and javadoc] INFO  o.e.m.j.internal.DownloadSourcesJob - Downloaded sources for org.hibernate.common:hibernate-commons-annotations:6.0.6.Final
2023-05-03 10:17:49,351 [Worker-4: Download sources and javadoc] INFO  o.e.m.c.i.e.AbstractTransferListenerAdapter - Downloading http://repojava:8080/repository/internal/org/glassfish/jaxb/jaxb-runtime/4.0.2/jaxb-runtime-4.0.2-sources.jar
2023-05-03 10:17:49,486 [Worker-4: Download sources and javadoc] INFO  o.e.m.c.i.e.AbstractTransferListenerAdapter - Downloaded http://repojava:8080/repository/internal/org/glassfish/jaxb/jaxb-runtime/4.0.2/jaxb-runtime-4.0.2-sources.jar
2023-05-03 10:17:49,494 [Worker-4: Download sources and javadoc] INFO  o.e.m.j.internal.DownloadSourcesJob - Downloaded sources for org.glassfish.jaxb:jaxb-runtime:4.0.2
2023-05-03 10:17:49,528 [Worker-4: Download sources and javadoc] INFO  o.e.m.c.i.e.AbstractTransferListenerAdapter - Downloading http://repojava:8080/repository/internal/org/glassfish/jaxb/jaxb-core/4.0.2/jaxb-core-4.0.2-sources.jar
2023-05-03 10:17:49,614 [Worker-4: Download sources and javadoc] INFO  o.e.m.c.i.e.AbstractTransferListenerAdapter - Downloaded http://repojava:8080/repository/internal/org/glassfish/jaxb/jaxb-core/4.0.2/jaxb-core-4.0.2-sources.jar
2023-05-03 10:17:49,620 [Worker-4: Download sources and javadoc] INFO  o.e.m.j.internal.DownloadSourcesJob - Downloaded sources for org.glassfish.jaxb:jaxb-core:4.0.2
2023-05-03 10:17:49,649 [Worker-4: Download sources and javadoc] INFO  o.e.m.c.i.e.AbstractTransferListenerAdapter - Downloading http://repojava:8080/repository/internal/org/eclipse/angus/angus-activation/2.0.0/angus-activation-2.0.0-sources.jar
2023-05-03 10:17:49,664 [Worker-4: Download sources and javadoc] INFO  o.e.m.c.i.e.AbstractTransferListenerAdapter - Downloaded http://repojava:8080/repository/internal/org/eclipse/angus/angus-activation/2.0.0/angus-activation-2.0.0-sources.jar
2023-05-03 10:17:49,670 [Worker-4: Download sources and javadoc] INFO  o.e.m.j.internal.DownloadSourcesJob - Downloaded sources for org.eclipse.angus:angus-activation:2.0.0
2023-05-03 10:17:49,704 [Worker-4: Download sources and javadoc] INFO  o.e.m.c.i.e.AbstractTransferListenerAdapter - Downloading http://repojava:8080/repository/internal/org/glassfish/jaxb/txw2/4.0.2/txw2-4.0.2-sources.jar
2023-05-03 10:17:49,720 [Worker-4: Download sources and javadoc] INFO  o.e.m.c.i.e.AbstractTransferListenerAdapter - Downloaded http://repojava:8080/repository/internal/org/glassfish/jaxb/txw2/4.0.2/txw2-4.0.2-sources.jar
2023-05-03 10:17:49,729 [Worker-4: Download sources and javadoc] INFO  o.e.m.j.internal.DownloadSourcesJob - Downloaded sources for org.glassfish.jaxb:txw2:4.0.2
2023-05-03 10:17:49,763 [Worker-4: Download sources and javadoc] INFO  o.e.m.c.i.e.AbstractTransferListenerAdapter - Downloading http://repojava:8080/repository/internal/org/springframework/data/spring-data-jpa/3.0.4/spring-data-jpa-3.0.4-sources.jar
2023-05-03 10:17:49,830 [Worker-4: Download sources and javadoc] INFO  o.e.m.c.i.e.AbstractTransferListenerAdapter - Downloaded http://repojava:8080/repository/internal/org/springframework/data/spring-data-jpa/3.0.4/spring-data-jpa-3.0.4-sources.jar
2023-05-03 10:17:49,837 [Worker-4: Download sources and javadoc] INFO  o.e.m.j.internal.DownloadSourcesJob - Downloaded sources for org.springframework.data:spring-data-jpa:3.0.4
2023-05-03 10:17:49,878 [Worker-4: Download sources and javadoc] INFO  o.e.m.c.i.e.AbstractTransferListenerAdapter - Downloading http://repojava:8080/repository/internal/org/springframework/data/spring-data-commons/3.0.4/spring-data-commons-3.0.4-sources.jar
2023-05-03 10:17:50,011 [Worker-4: Download sources and javadoc] INFO  o.e.m.c.i.e.AbstractTransferListenerAdapter - Downloaded http://repojava:8080/repository/internal/org/springframework/data/spring-data-commons/3.0.4/spring-data-commons-3.0.4-sources.jar
2023-05-03 10:17:50,018 [Worker-4: Download sources and javadoc] INFO  o.e.m.j.internal.DownloadSourcesJob - Downloaded sources for org.springframework.data:spring-data-commons:3.0.4
2023-05-03 10:17:50,074 [Worker-4: Download sources and javadoc] INFO  o.e.m.c.i.e.AbstractTransferListenerAdapter - Downloading http://repojava:8080/repository/internal/org/springframework/spring-orm/6.0.7/spring-orm-6.0.7-sources.jar
2023-05-03 10:17:50,118 [Worker-4: Download sources and javadoc] INFO  o.e.m.c.i.e.AbstractTransferListenerAdapter - Downloaded http://repojava:8080/repository/internal/org/springframework/spring-orm/6.0.7/spring-orm-6.0.7-sources.jar
2023-05-03 10:17:50,124 [Worker-4: Download sources and javadoc] INFO  o.e.m.j.internal.DownloadSourcesJob - Downloaded sources for org.springframework:spring-orm:6.0.7
2023-05-03 10:17:50,156 [Worker-4: Download sources and javadoc] INFO  o.e.m.c.i.e.AbstractTransferListenerAdapter - Downloading http://repojava:8080/repository/internal/org/springframework/spring-tx/6.0.7/spring-tx-6.0.7-sources.jar
2023-05-03 10:17:50,342 [Worker-4: Download sources and javadoc] INFO  o.e.m.c.i.e.AbstractTransferListenerAdapter - Downloaded http://repojava:8080/repository/internal/org/springframework/spring-tx/6.0.7/spring-tx-6.0.7-sources.jar
2023-05-03 10:17:50,350 [Worker-4: Download sources and javadoc] INFO  o.e.m.j.internal.DownloadSourcesJob - Downloaded sources for org.springframework:spring-tx:6.0.7
2023-05-03 10:17:50,390 [Worker-4: Download sources and javadoc] INFO  o.e.m.c.i.e.AbstractTransferListenerAdapter - Downloading http://repojava:8080/repository/internal/org/springframework/spring-aspects/6.0.7/spring-aspects-6.0.7-sources.jar
2023-05-03 10:17:50,501 [Worker-4: Download sources and javadoc] INFO  o.e.m.c.i.e.AbstractTransferListenerAdapter - Downloaded http://repojava:8080/repository/internal/org/springframework/spring-aspects/6.0.7/spring-aspects-6.0.7-sources.jar
2023-05-03 10:17:50,509 [Worker-4: Download sources and javadoc] INFO  o.e.m.j.internal.DownloadSourcesJob - Downloaded sources for org.springframework:spring-aspects:6.0.7
2023-05-03 10:17:50,543 [Worker-4: Download sources and javadoc] INFO  o.e.m.c.i.e.AbstractTransferListenerAdapter - Downloading http://repojava:8080/repository/internal/org/springframework/boot/spring-boot-devtools/3.0.5/spring-boot-devtools-3.0.5-sources.jar
2023-05-03 10:17:50,573 [Worker-4: Download sources and javadoc] INFO  o.e.m.c.i.e.AbstractTransferListenerAdapter - Downloaded http://repojava:8080/repository/internal/org/springframework/boot/spring-boot-devtools/3.0.5/spring-boot-devtools-3.0.5-sources.jar
2023-05-03 10:17:50,579 [Worker-4: Download sources and javadoc] INFO  o.e.m.j.internal.DownloadSourcesJob - Downloaded sources for org.springframework.boot:spring-boot-devtools:3.0.5
2023-05-03 10:17:53,186 [Worker-5: Updating Maven Project] INFO  o.e.m.c.i.p.ProjectConfigurationManager - Update started
2023-05-03 10:17:54,023 [Worker-5: Updating Maven Project] INFO  o.e.m.c.i.l.LifecycleMappingFactory - Using org.eclipse.m2e.jdt.JarLifecycleMapping lifecycle mapping for MavenProject: br.com.itb:miniprojectAdr:0.0.1-SNAPSHOT @ Z:\LIP3\workspaceAdr\miniprojectAdr\pom.xml.
2023-05-03 10:17:55,448 [Worker-5: Updating Maven Project] INFO  o.e.m.j.i.AbstractJavaProjectConfigurator - Adding source folder /miniprojectAdr/src/main/java
2023-05-03 10:17:55,452 [Worker-5: Updating Maven Project] INFO  o.e.m.j.i.AbstractJavaProjectConfigurator - Adding resource folder /miniprojectAdr/src/main/resources
2023-05-03 10:17:55,497 [Worker-5: Updating Maven Project] INFO  o.e.m.j.i.AbstractJavaProjectConfigurator - Adding resource folder /miniprojectAdr/src/main/resources
2023-05-03 10:17:55,539 [Worker-5: Updating Maven Project] INFO  o.e.m.j.i.AbstractJavaProjectConfigurator - Adding source folder /miniprojectAdr/src/test/java
2023-05-03 10:18:00,596 [Worker-5: Updating Maven Project] INFO  o.e.m.c.i.p.ProjectConfigurationManager - Update completed: 7 sec
2023-05-03 10:18:02,361 [Worker-1: Building] INFO  o.a.m.s.f.DefaultMavenResourcesFiltering - Copying 1 resource
2023-05-03 10:18:02,429 [Worker-1: Building] INFO  o.a.m.s.f.DefaultMavenResourcesFiltering - Copying 0 resource
2023-05-03 10:18:02,452 [Worker-1: Building] INFO  o.a.m.s.f.DefaultMavenResourcesFiltering - skip non existing resourceDirectory Z:\LIP3\workspaceAdr\miniprojectAdr\src\test\resources
